<?xml version="1.0" encoding="UTF-8"?>
<coverage generated="1755528847">
  <project timestamp="1755528847" name="Clover Coverage">
    <package name="App\Controller\Admin">
      <file name="C:\Users\99MFOVA-PP008-W\Desktop\API-REST\src\Controller\Admin\ArticleController.php">
        <class name="App\Controller\Admin\ArticleController" namespace="App\Controller\Admin">
          <metrics complexity="7" methods="7" coveredmethods="0" conditionals="0" coveredconditionals="0" statements="39" coveredstatements="0" elements="46" coveredelements="0"/>
        </class>
        <line num="25" type="method" name="__construct" visibility="public" complexity="1" crap="2" count="0"/>
        <line num="29" type="stmt" count="0"/>
        <line num="31" type="method" name="index" visibility="public" complexity="1" crap="2" count="0"/>
        <line num="38" type="stmt" count="0"/>
        <line num="39" type="stmt" count="0"/>
        <line num="40" type="stmt" count="0"/>
        <line num="41" type="stmt" count="0"/>
        <line num="42" type="stmt" count="0"/>
        <line num="44" type="method" name="show" visibility="public" complexity="1" crap="2" count="0"/>
        <line num="53" type="stmt" count="0"/>
        <line num="54" type="stmt" count="0"/>
        <line num="55" type="stmt" count="0"/>
        <line num="56" type="stmt" count="0"/>
        <line num="57" type="stmt" count="0"/>
        <line num="58" type="stmt" count="0"/>
        <line num="60" type="method" name="delete" visibility="public" complexity="1" crap="2" count="0"/>
        <line num="63" type="stmt" count="0"/>
        <line num="64" type="stmt" count="0"/>
        <line num="66" type="stmt" count="0"/>
        <line num="67" type="stmt" count="0"/>
        <line num="68" type="stmt" count="0"/>
        <line num="69" type="stmt" count="0"/>
        <line num="73" type="method" name="create" visibility="public" complexity="1" crap="2" count="0"/>
        <line num="80" type="stmt" count="0"/>
        <line num="82" type="stmt" count="0"/>
        <line num="83" type="stmt" count="0"/>
        <line num="85" type="stmt" count="0"/>
        <line num="86" type="stmt" count="0"/>
        <line num="87" type="stmt" count="0"/>
        <line num="88" type="stmt" count="0"/>
        <line num="91" type="method" name="update" visibility="public" complexity="1" crap="2" count="0"/>
        <line num="99" type="stmt" count="0"/>
        <line num="100" type="stmt" count="0"/>
        <line num="102" type="stmt" count="0"/>
        <line num="103" type="stmt" count="0"/>
        <line num="104" type="stmt" count="0"/>
        <line num="105" type="stmt" count="0"/>
        <line num="106" type="stmt" count="0"/>
        <line num="107" type="stmt" count="0"/>
        <line num="110" type="method" name="upload" visibility="public" complexity="1" crap="2" count="0"/>
        <line num="134" type="stmt" count="0"/>
        <line num="136" type="stmt" count="0"/>
        <line num="138" type="stmt" count="0"/>
        <line num="139" type="stmt" count="0"/>
        <line num="140" type="stmt" count="0"/>
        <line num="141" type="stmt" count="0"/>
        <metrics loc="144" ncloc="137" classes="1" methods="7" coveredmethods="0" conditionals="0" coveredconditionals="0" statements="39" coveredstatements="0" elements="46" coveredelements="0"/>
      </file>
      <file name="C:\Users\99MFOVA-PP008-W\Desktop\API-REST\src\Controller\Admin\UserController.php">
        <class name="App\Controller\Admin\UserController" namespace="App\Controller\Admin">
          <metrics complexity="5" methods="5" coveredmethods="0" conditionals="0" coveredconditionals="0" statements="30" coveredstatements="0" elements="35" coveredelements="0"/>
        </class>
        <line num="19" type="method" name="__construct" visibility="public" complexity="1" crap="2" count="0"/>
        <line num="24" type="stmt" count="0"/>
        <line num="26" type="method" name="index" visibility="public" complexity="1" crap="2" count="0"/>
        <line num="29" type="stmt" count="0"/>
        <line num="30" type="stmt" count="0"/>
        <line num="31" type="stmt" count="0"/>
        <line num="32" type="stmt" count="0"/>
        <line num="33" type="stmt" count="0"/>
        <line num="34" type="stmt" count="0"/>
        <line num="35" type="stmt" count="0"/>
        <line num="38" type="method" name="show" visibility="public" complexity="1" crap="2" count="0"/>
        <line num="41" type="stmt" count="0"/>
        <line num="42" type="stmt" count="0"/>
        <line num="43" type="stmt" count="0"/>
        <line num="44" type="stmt" count="0"/>
        <line num="45" type="stmt" count="0"/>
        <line num="46" type="stmt" count="0"/>
        <line num="47" type="stmt" count="0"/>
        <line num="50" type="method" name="update" visibility="public" complexity="1" crap="2" count="0"/>
        <line num="57" type="stmt" count="0"/>
        <line num="58" type="stmt" count="0"/>
        <line num="60" type="stmt" count="0"/>
        <line num="61" type="stmt" count="0"/>
        <line num="62" type="stmt" count="0"/>
        <line num="63" type="stmt" count="0"/>
        <line num="64" type="stmt" count="0"/>
        <line num="65" type="stmt" count="0"/>
        <line num="66" type="stmt" count="0"/>
        <line num="69" type="method" name="delete" visibility="public" complexity="1" crap="2" count="0"/>
        <line num="72" type="stmt" count="0"/>
        <line num="73" type="stmt" count="0"/>
        <line num="75" type="stmt" count="0"/>
        <line num="76" type="stmt" count="0"/>
        <line num="77" type="stmt" count="0"/>
        <line num="78" type="stmt" count="0"/>
        <metrics loc="80" ncloc="80" classes="1" methods="5" coveredmethods="0" conditionals="0" coveredconditionals="0" statements="30" coveredstatements="0" elements="35" coveredelements="0"/>
      </file>
    </package>
    <package name="App\Controller">
      <file name="C:\Users\99MFOVA-PP008-W\Desktop\API-REST\src\Controller\UserController.php">
        <class name="App\Controller\UserController" namespace="App\Controller">
          <metrics complexity="2" methods="2" coveredmethods="0" conditionals="0" coveredconditionals="0" statements="9" coveredstatements="0" elements="11" coveredelements="0"/>
        </class>
        <line num="20" type="method" name="__construct" visibility="public" complexity="1" crap="2" count="0"/>
        <line num="24" type="stmt" count="0"/>
        <line num="25" type="method" name="register" visibility="public" complexity="1" crap="2" count="0"/>
        <line num="32" type="stmt" count="0"/>
        <line num="33" type="stmt" count="0"/>
        <line num="34" type="stmt" count="0"/>
        <line num="36" type="stmt" count="0"/>
        <line num="37" type="stmt" count="0"/>
        <line num="38" type="stmt" count="0"/>
        <line num="39" type="stmt" count="0"/>
        <line num="40" type="stmt" count="0"/>
        <metrics loc="45" ncloc="43" classes="1" methods="2" coveredmethods="0" conditionals="0" coveredconditionals="0" statements="9" coveredstatements="0" elements="11" coveredelements="0"/>
      </file>
    </package>
    <package name="App\DataFixtures">
      <file name="C:\Users\99MFOVA-PP008-W\Desktop\API-REST\src\DataFixtures\AppFixtures.php">
        <class name="App\DataFixtures\AppFixtures" namespace="App\DataFixtures">
          <metrics complexity="4" methods="2" coveredmethods="1" conditionals="0" coveredconditionals="0" statements="41" coveredstatements="1" elements="43" coveredelements="2"/>
        </class>
        <line num="17" type="method" name="__construct" visibility="public" complexity="1" crap="1" count="5"/>
        <line num="21" type="stmt" count="5"/>
        <line num="24" type="method" name="load" visibility="public" complexity="3" crap="12" count="0"/>
        <line num="27" type="stmt" count="0"/>
        <line num="30" type="stmt" count="0"/>
        <line num="31" type="stmt" count="0"/>
        <line num="32" type="stmt" count="0"/>
        <line num="33" type="stmt" count="0"/>
        <line num="34" type="stmt" count="0"/>
        <line num="35" type="stmt" count="0"/>
        <line num="36" type="stmt" count="0"/>
        <line num="37" type="stmt" count="0"/>
        <line num="38" type="stmt" count="0"/>
        <line num="39" type="stmt" count="0"/>
        <line num="40" type="stmt" count="0"/>
        <line num="41" type="stmt" count="0"/>
        <line num="43" type="stmt" count="0"/>
        <line num="44" type="stmt" count="0"/>
        <line num="47" type="stmt" count="0"/>
        <line num="48" type="stmt" count="0"/>
        <line num="49" type="stmt" count="0"/>
        <line num="50" type="stmt" count="0"/>
        <line num="51" type="stmt" count="0"/>
        <line num="52" type="stmt" count="0"/>
        <line num="53" type="stmt" count="0"/>
        <line num="54" type="stmt" count="0"/>
        <line num="55" type="stmt" count="0"/>
        <line num="56" type="stmt" count="0"/>
        <line num="57" type="stmt" count="0"/>
        <line num="58" type="stmt" count="0"/>
        <line num="60" type="stmt" count="0"/>
        <line num="61" type="stmt" count="0"/>
        <line num="65" type="stmt" count="0"/>
        <line num="66" type="stmt" count="0"/>
        <line num="67" type="stmt" count="0"/>
        <line num="68" type="stmt" count="0"/>
        <line num="69" type="stmt" count="0"/>
        <line num="70" type="stmt" count="0"/>
        <line num="71" type="stmt" count="0"/>
        <line num="72" type="stmt" count="0"/>
        <line num="73" type="stmt" count="0"/>
        <line num="75" type="stmt" count="0"/>
        <line num="78" type="stmt" count="0"/>
        <metrics loc="81" ncloc="76" classes="1" methods="2" coveredmethods="1" conditionals="0" coveredconditionals="0" statements="41" coveredstatements="1" elements="43" coveredelements="2"/>
      </file>
    </package>
    <package name="App\Dto\Article">
      <file name="C:\Users\99MFOVA-PP008-W\Desktop\API-REST\src\Dto\Article\CreateArticleDto.php">
        <class name="App\Dto\Article\CreateArticleDto" namespace="App\Dto\Article">
          <metrics complexity="6" methods="6" coveredmethods="0" conditionals="0" coveredconditionals="0" statements="6" coveredstatements="0" elements="12" coveredelements="0"/>
        </class>
        <line num="11" type="stmt" count="0"/>
        <line num="12" type="stmt" count="0"/>
        <line num="13" type="stmt" count="0"/>
        <line num="14" type="stmt" count="0"/>
        <line num="17" type="method" name="__construct" visibility="public" complexity="1" crap="2" count="0"/>
        <line num="47" type="stmt" count="0"/>
        <line num="48" type="method" name="getTitle" visibility="public" complexity="1" crap="2" count="0"/>
        <line num="50" type="stmt" count="0"/>
        <line num="53" type="method" name="getContent" visibility="public" complexity="1" crap="2" count="0"/>
        <line num="55" type="stmt" count="0"/>
        <line num="58" type="method" name="getShortContent" visibility="public" complexity="1" crap="2" count="0"/>
        <line num="60" type="stmt" count="0"/>
        <line num="63" type="method" name="isEnabled" visibility="public" complexity="1" crap="2" count="0"/>
        <line num="65" type="stmt" count="0"/>
        <line num="71" type="method" name="getUser" visibility="public" complexity="1" crap="2" count="0"/>
        <line num="73" type="stmt" count="0"/>
        <metrics loc="75" ncloc="72" classes="1" methods="6" coveredmethods="0" conditionals="0" coveredconditionals="0" statements="10" coveredstatements="0" elements="16" coveredelements="0"/>
      </file>
      <file name="C:\Users\99MFOVA-PP008-W\Desktop\API-REST\src\Dto\Article\UpdateArticleByAdminDto.php">
        <class name="App\Dto\Article\UpdateArticleByAdminDto" namespace="App\Dto\Article">
          <metrics complexity="6" methods="6" coveredmethods="0" conditionals="0" coveredconditionals="0" statements="6" coveredstatements="0" elements="12" coveredelements="0"/>
        </class>
        <line num="11" type="method" name="__construct" visibility="public" complexity="1" crap="2" count="0"/>
        <line num="38" type="stmt" count="0"/>
        <line num="39" type="method" name="getTitle" visibility="public" complexity="1" crap="2" count="0"/>
        <line num="41" type="stmt" count="0"/>
        <line num="44" type="method" name="getContent" visibility="public" complexity="1" crap="2" count="0"/>
        <line num="46" type="stmt" count="0"/>
        <line num="49" type="method" name="getShortContent" visibility="public" complexity="1" crap="2" count="0"/>
        <line num="51" type="stmt" count="0"/>
        <line num="54" type="method" name="isEnabled" visibility="public" complexity="1" crap="2" count="0"/>
        <line num="56" type="stmt" count="0"/>
        <line num="62" type="method" name="getUser" visibility="public" complexity="1" crap="2" count="0"/>
        <line num="64" type="stmt" count="0"/>
        <metrics loc="66" ncloc="62" classes="1" methods="6" coveredmethods="0" conditionals="0" coveredconditionals="0" statements="6" coveredstatements="0" elements="12" coveredelements="0"/>
      </file>
    </package>
    <package name="App\Dto\Filter">
      <file name="C:\Users\99MFOVA-PP008-W\Desktop\API-REST\src\Dto\Filter\ArticleFilterDto.php">
        <class name="App\Dto\Filter\ArticleFilterDto" namespace="App\Dto\Filter">
          <metrics complexity="3" methods="3" coveredmethods="0" conditionals="0" coveredconditionals="0" statements="3" coveredstatements="0" elements="6" coveredelements="0"/>
        </class>
        <line num="7" type="method" name="__construct" visibility="public" complexity="1" crap="2" count="0"/>
        <line num="15" type="stmt" count="0"/>
        <line num="16" type="method" name="getPage" visibility="public" complexity="1" crap="2" count="0"/>
        <line num="18" type="stmt" count="0"/>
        <line num="20" type="method" name="getLimit" visibility="public" complexity="1" crap="2" count="0"/>
        <line num="22" type="stmt" count="0"/>
        <metrics loc="24" ncloc="24" classes="1" methods="3" coveredmethods="0" conditionals="0" coveredconditionals="0" statements="3" coveredstatements="0" elements="6" coveredelements="0"/>
      </file>
    </package>
    <file name="C:\Users\99MFOVA-PP008-W\Desktop\API-REST\src\Dto\Interfaces\ArticleRequestInterface.php">
      <metrics loc="16" ncloc="16" classes="0" methods="0" coveredmethods="0" conditionals="0" coveredconditionals="0" statements="0" coveredstatements="0" elements="0" coveredelements="0"/>
    </file>
    <file name="C:\Users\99MFOVA-PP008-W\Desktop\API-REST\src\Dto\Interfaces\UserRequestInterface.php">
      <metrics loc="16" ncloc="15" classes="0" methods="0" coveredmethods="0" conditionals="0" coveredconditionals="0" statements="0" coveredstatements="0" elements="0" coveredelements="0"/>
    </file>
    <package name="App\Dto\User">
      <file name="C:\Users\99MFOVA-PP008-W\Desktop\API-REST\src\Dto\User\RegisterUserDto.php">
        <class name="App\Dto\User\RegisterUserDto" namespace="App\Dto\User">
          <metrics complexity="6" methods="6" coveredmethods="0" conditionals="0" coveredconditionals="0" statements="6" coveredstatements="0" elements="12" coveredelements="0"/>
        </class>
        <line num="11" type="stmt" count="0"/>
        <line num="12" type="stmt" count="0"/>
        <line num="13" type="stmt" count="0"/>
        <line num="14" type="stmt" count="0"/>
        <line num="17" type="method" name="__construct" visibility="public" complexity="1" crap="2" count="0"/>
        <line num="58" type="stmt" count="0"/>
        <line num="66" type="method" name="getEmail" visibility="public" complexity="1" crap="2" count="0"/>
        <line num="69" type="stmt" count="0"/>
        <line num="76" type="method" name="getFirstName" visibility="public" complexity="1" crap="2" count="0"/>
        <line num="79" type="stmt" count="0"/>
        <line num="86" type="method" name="getLastName" visibility="public" complexity="1" crap="2" count="0"/>
        <line num="89" type="stmt" count="0"/>
        <line num="96" type="method" name="getPlainPassword" visibility="public" complexity="1" crap="2" count="0"/>
        <line num="99" type="stmt" count="0"/>
        <line num="106" type="method" name="getConfirmPassword" visibility="public" complexity="1" crap="2" count="0"/>
        <line num="109" type="stmt" count="0"/>
        <metrics loc="111" ncloc="96" classes="1" methods="6" coveredmethods="0" conditionals="0" coveredconditionals="0" statements="10" coveredstatements="0" elements="16" coveredelements="0"/>
      </file>
      <file name="C:\Users\99MFOVA-PP008-W\Desktop\API-REST\src\Dto\User\UpdateUserByAdminDto.php">
        <class name="App\Dto\User\UpdateUserByAdminDto" namespace="App\Dto\User">
          <metrics complexity="6" methods="6" coveredmethods="0" conditionals="0" coveredconditionals="0" statements="6" coveredstatements="0" elements="12" coveredelements="0"/>
        </class>
        <line num="10" type="method" name="__construct" visibility="public" complexity="1" crap="2" count="0"/>
        <line num="57" type="stmt" count="0"/>
        <line num="59" type="method" name="getEmail" visibility="public" complexity="1" crap="2" count="0"/>
        <line num="61" type="stmt" count="0"/>
        <line num="64" type="method" name="getFirstName" visibility="public" complexity="1" crap="2" count="0"/>
        <line num="66" type="stmt" count="0"/>
        <line num="69" type="method" name="getLastName" visibility="public" complexity="1" crap="2" count="0"/>
        <line num="71" type="stmt" count="0"/>
        <line num="74" type="method" name="getPlainPassword" visibility="public" complexity="1" crap="2" count="0"/>
        <line num="76" type="stmt" count="0"/>
        <line num="79" type="method" name="getRoles" visibility="public" complexity="1" crap="2" count="0"/>
        <line num="81" type="stmt" count="0"/>
        <metrics loc="83" ncloc="83" classes="1" methods="6" coveredmethods="0" conditionals="0" coveredconditionals="0" statements="6" coveredstatements="0" elements="12" coveredelements="0"/>
      </file>
    </package>
    <package name="App\Entity">
      <file name="C:\Users\99MFOVA-PP008-W\Desktop\API-REST\src\Entity\Article.php">
        <class name="App\Entity\Article" namespace="App\Entity">
          <metrics complexity="18" methods="17" coveredmethods="8" conditionals="0" coveredconditionals="0" statements="25" coveredstatements="13" elements="42" coveredelements="21"/>
        </class>
        <line num="64" type="method" name="getId" visibility="public" complexity="1" crap="2" count="0"/>
        <line num="66" type="stmt" count="0"/>
        <line num="69" type="method" name="getTitle" visibility="public" complexity="1" crap="2" count="0"/>
        <line num="71" type="stmt" count="0"/>
        <line num="74" type="method" name="setTitle" visibility="public" complexity="1" crap="1" count="5"/>
        <line num="76" type="stmt" count="5"/>
        <line num="78" type="stmt" count="5"/>
        <line num="81" type="method" name="getSlug" visibility="public" complexity="1" crap="1" count="1"/>
        <line num="83" type="stmt" count="1"/>
        <line num="86" type="method" name="setSlug" visibility="public" complexity="1" crap="2" count="0"/>
        <line num="88" type="stmt" count="0"/>
        <line num="90" type="stmt" count="0"/>
        <line num="93" type="method" name="getContent" visibility="public" complexity="1" crap="2" count="0"/>
        <line num="95" type="stmt" count="0"/>
        <line num="98" type="method" name="setContent" visibility="public" complexity="1" crap="1" count="5"/>
        <line num="100" type="stmt" count="5"/>
        <line num="102" type="stmt" count="5"/>
        <line num="105" type="method" name="getShortContent" visibility="public" complexity="1" crap="2" count="0"/>
        <line num="107" type="stmt" count="0"/>
        <line num="110" type="method" name="setShortContent" visibility="public" complexity="1" crap="1" count="5"/>
        <line num="112" type="stmt" count="5"/>
        <line num="114" type="stmt" count="5"/>
        <line num="117" type="method" name="isEnabled" visibility="public" complexity="1" crap="2" count="0"/>
        <line num="119" type="stmt" count="0"/>
        <line num="122" type="method" name="setEnabled" visibility="public" complexity="1" crap="1" count="5"/>
        <line num="124" type="stmt" count="5"/>
        <line num="126" type="stmt" count="5"/>
        <line num="129" type="method" name="getUser" visibility="public" complexity="1" crap="1" count="5"/>
        <line num="131" type="stmt" count="5"/>
        <line num="134" type="method" name="setUser" visibility="public" complexity="1" crap="1" count="5"/>
        <line num="136" type="stmt" count="5"/>
        <line num="138" type="stmt" count="5"/>
        <line num="152" type="method" name="setImageFile" visibility="public" complexity="2" crap="6" count="0"/>
        <line num="154" type="stmt" count="0"/>
        <line num="156" type="stmt" count="0"/>
        <line num="159" type="stmt" count="0"/>
        <line num="163" type="method" name="getImageFile" visibility="public" complexity="1" crap="1" count="5"/>
        <line num="165" type="stmt" count="5"/>
        <line num="168" type="method" name="setImageName" visibility="public" complexity="1" crap="2" count="0"/>
        <line num="170" type="stmt" count="0"/>
        <line num="173" type="method" name="getImageName" visibility="public" complexity="1" crap="2" count="0"/>
        <line num="175" type="stmt" count="0"/>
        <metrics loc="178" ncloc="166" classes="1" methods="17" coveredmethods="8" conditionals="0" coveredconditionals="0" statements="25" coveredstatements="13" elements="42" coveredelements="21"/>
      </file>
      <file name="C:\Users\99MFOVA-PP008-W\Desktop\API-REST\src\Entity\User.php">
        <class name="App\Entity\User" namespace="App\Entity">
          <metrics complexity="21" methods="18" coveredmethods="3" conditionals="0" coveredconditionals="0" statements="31" coveredstatements="5" elements="49" coveredelements="8"/>
        </class>
        <line num="59" type="method" name="__construct" visibility="public" complexity="1" crap="1" count="5"/>
        <line num="61" type="stmt" count="5"/>
        <line num="64" type="method" name="getId" visibility="public" complexity="1" crap="2" count="0"/>
        <line num="66" type="stmt" count="0"/>
        <line num="69" type="method" name="getEmail" visibility="public" complexity="1" crap="2" count="0"/>
        <line num="71" type="stmt" count="0"/>
        <line num="74" type="method" name="setEmail" visibility="public" complexity="1" crap="1" count="5"/>
        <line num="76" type="stmt" count="5"/>
        <line num="78" type="stmt" count="5"/>
        <line num="86" type="method" name="getUserIdentifier" visibility="public" complexity="1" crap="2" count="0"/>
        <line num="88" type="stmt" count="0"/>
        <line num="94" type="method" name="getRoles" visibility="public" complexity="1" crap="2" count="0"/>
        <line num="96" type="stmt" count="0"/>
        <line num="98" type="stmt" count="0"/>
        <line num="100" type="stmt" count="0"/>
        <line num="106" type="method" name="setRoles" visibility="public" complexity="1" crap="2" count="0"/>
        <line num="108" type="stmt" count="0"/>
        <line num="110" type="stmt" count="0"/>
        <line num="116" type="method" name="getPassword" visibility="public" complexity="1" crap="2" count="0"/>
        <line num="118" type="stmt" count="0"/>
        <line num="121" type="method" name="setPassword" visibility="public" complexity="1" crap="1" count="5"/>
        <line num="123" type="stmt" count="5"/>
        <line num="125" type="stmt" count="5"/>
        <line num="131" type="method" name="eraseCredentials" visibility="public" complexity="1" crap="2" count="0"/>
        <line num="135" type="stmt" count="0"/>
        <line num="137" type="method" name="getFirstName" visibility="public" complexity="1" crap="2" count="0"/>
        <line num="139" type="stmt" count="0"/>
        <line num="142" type="method" name="setFirstName" visibility="public" complexity="1" crap="2" count="0"/>
        <line num="144" type="stmt" count="0"/>
        <line num="146" type="stmt" count="0"/>
        <line num="149" type="method" name="getLastName" visibility="public" complexity="1" crap="2" count="0"/>
        <line num="151" type="stmt" count="0"/>
        <line num="154" type="method" name="setLastName" visibility="public" complexity="1" crap="2" count="0"/>
        <line num="156" type="stmt" count="0"/>
        <line num="158" type="stmt" count="0"/>
        <line num="161" type="method" name="getFullName" visibility="public" complexity="1" crap="2" count="0"/>
        <line num="164" type="stmt" count="0"/>
        <line num="170" type="method" name="getArticles" visibility="public" complexity="1" crap="2" count="0"/>
        <line num="172" type="stmt" count="0"/>
        <line num="175" type="method" name="addArticle" visibility="public" complexity="2" crap="6" count="0"/>
        <line num="177" type="stmt" count="0"/>
        <line num="178" type="stmt" count="0"/>
        <line num="179" type="stmt" count="0"/>
        <line num="182" type="stmt" count="0"/>
        <line num="185" type="method" name="removeArticle" visibility="public" complexity="3" crap="12" count="0"/>
        <line num="187" type="stmt" count="0"/>
        <line num="189" type="stmt" count="0"/>
        <line num="190" type="stmt" count="0"/>
        <line num="194" type="stmt" count="0"/>
        <metrics loc="198" ncloc="165" classes="1" methods="18" coveredmethods="3" conditionals="0" coveredconditionals="0" statements="31" coveredstatements="5" elements="49" coveredelements="8"/>
      </file>
    </package>
    <package name="App\Entity\Traits">
      <file name="C:\Users\99MFOVA-PP008-W\Desktop\API-REST\src\Entity\Traits\DateTimeTrait.php">
        <class name="App\Entity\Traits\DateTimeTrait" namespace="App\Entity\Traits">
          <metrics complexity="7" methods="6" coveredmethods="5" conditionals="0" coveredconditionals="0" statements="11" coveredstatements="9" elements="17" coveredelements="14"/>
        </class>
        <line num="17" type="method" name="getCreatedAt" visibility="public" complexity="1" crap="1" count="2"/>
        <line num="19" type="stmt" count="2"/>
        <line num="22" type="method" name="setCreatedAt" visibility="public" complexity="1" crap="1" count="1"/>
        <line num="24" type="stmt" count="1"/>
        <line num="26" type="stmt" count="1"/>
        <line num="29" type="method" name="getUpdatedAt" visibility="public" complexity="1" crap="1" count="1"/>
        <line num="31" type="stmt" count="1"/>
        <line num="34" type="method" name="setUpdatedAt" visibility="public" complexity="1" crap="2" count="0"/>
        <line num="36" type="stmt" count="0"/>
        <line num="38" type="stmt" count="0"/>
        <line num="41" type="method" name="autoSetCreatedAt" visibility="public" complexity="2" crap="2" count="5"/>
        <line num="44" type="stmt" count="5"/>
        <line num="45" type="stmt" count="5"/>
        <line num="48" type="stmt" count="5"/>
        <line num="50" type="method" name="autoSetUpdatedAt" visibility="public" complexity="1" crap="1" count="1"/>
        <line num="53" type="stmt" count="1"/>
        <line num="55" type="stmt" count="1"/>
        <metrics loc="57" ncloc="57" classes="1" methods="6" coveredmethods="5" conditionals="0" coveredconditionals="0" statements="11" coveredstatements="9" elements="17" coveredelements="14"/>
      </file>
    </package>
    <package name="App">
      <file name="C:\Users\99MFOVA-PP008-W\Desktop\API-REST\src\Kernel.php">
        <class name="App\Kernel" namespace="App">
          <metrics complexity="0" methods="0" coveredmethods="0" conditionals="0" coveredconditionals="0" statements="0" coveredstatements="0" elements="0" coveredelements="0"/>
        </class>
        <metrics loc="12" ncloc="12" classes="0" methods="0" coveredmethods="0" conditionals="0" coveredconditionals="0" statements="0" coveredstatements="0" elements="0" coveredelements="0"/>
      </file>
    </package>
    <package name="App\Mapper">
      <file name="C:\Users\99MFOVA-PP008-W\Desktop\API-REST\src\Mapper\ArticleMapper.php">
        <class name="App\Mapper\ArticleMapper" namespace="App\Mapper">
          <metrics complexity="8" methods="2" coveredmethods="0" conditionals="0" coveredconditionals="0" statements="26" coveredstatements="0" elements="28" coveredelements="0"/>
        </class>
        <line num="12" type="method" name="__construct" visibility="public" complexity="1" crap="2" count="0"/>
        <line num="15" type="stmt" count="0"/>
        <line num="17" type="method" name="map" visibility="public" complexity="7" crap="56" count="0"/>
        <line num="19" type="stmt" count="0"/>
        <line num="21" type="stmt" count="0"/>
        <line num="22" type="stmt" count="0"/>
        <line num="23" type="stmt" count="0"/>
        <line num="24" type="stmt" count="0"/>
        <line num="27" type="stmt" count="0"/>
        <line num="28" type="stmt" count="0"/>
        <line num="29" type="stmt" count="0"/>
        <line num="30" type="stmt" count="0"/>
        <line num="33" type="stmt" count="0"/>
        <line num="34" type="stmt" count="0"/>
        <line num="35" type="stmt" count="0"/>
        <line num="36" type="stmt" count="0"/>
        <line num="39" type="stmt" count="0"/>
        <line num="40" type="stmt" count="0"/>
        <line num="41" type="stmt" count="0"/>
        <line num="42" type="stmt" count="0"/>
        <line num="44" type="stmt" count="0"/>
        <line num="45" type="stmt" count="0"/>
        <line num="46" type="stmt" count="0"/>
        <line num="47" type="stmt" count="0"/>
        <line num="49" type="stmt" count="0"/>
        <line num="50" type="stmt" count="0"/>
        <line num="51" type="stmt" count="0"/>
        <line num="54" type="stmt" count="0"/>
        <metrics loc="57" ncloc="57" classes="1" methods="2" coveredmethods="0" conditionals="0" coveredconditionals="0" statements="26" coveredstatements="0" elements="28" coveredelements="0"/>
      </file>
      <file name="C:\Users\99MFOVA-PP008-W\Desktop\API-REST\src\Mapper\UserMapper.php">
        <class name="App\Mapper\UserMapper" namespace="App\Mapper">
          <metrics complexity="6" methods="2" coveredmethods="0" conditionals="0" coveredconditionals="0" statements="22" coveredstatements="0" elements="24" coveredelements="0"/>
        </class>
        <line num="11" type="method" name="__construct" visibility="public" complexity="1" crap="2" count="0"/>
        <line num="14" type="stmt" count="0"/>
        <line num="16" type="method" name="map" visibility="public" complexity="5" crap="30" count="0"/>
        <line num="18" type="stmt" count="0"/>
        <line num="20" type="stmt" count="0"/>
        <line num="21" type="stmt" count="0"/>
        <line num="22" type="stmt" count="0"/>
        <line num="23" type="stmt" count="0"/>
        <line num="26" type="stmt" count="0"/>
        <line num="27" type="stmt" count="0"/>
        <line num="28" type="stmt" count="0"/>
        <line num="29" type="stmt" count="0"/>
        <line num="32" type="stmt" count="0"/>
        <line num="33" type="stmt" count="0"/>
        <line num="34" type="stmt" count="0"/>
        <line num="35" type="stmt" count="0"/>
        <line num="38" type="stmt" count="0"/>
        <line num="39" type="stmt" count="0"/>
        <line num="40" type="stmt" count="0"/>
        <line num="41" type="stmt" count="0"/>
        <line num="42" type="stmt" count="0"/>
        <line num="43" type="stmt" count="0"/>
        <line num="44" type="stmt" count="0"/>
        <line num="47" type="stmt" count="0"/>
        <metrics loc="49" ncloc="49" classes="1" methods="2" coveredmethods="0" conditionals="0" coveredconditionals="0" statements="22" coveredstatements="0" elements="24" coveredelements="0"/>
      </file>
    </package>
    <package name="App\Repository">
      <file name="C:\Users\99MFOVA-PP008-W\Desktop\API-REST\src\Repository\ArticleRepository.php">
        <class name="App\Repository\ArticleRepository" namespace="App\Repository">
          <metrics complexity="3" methods="3" coveredmethods="0" conditionals="0" coveredconditionals="0" statements="17" coveredstatements="0" elements="20" coveredelements="0"/>
        </class>
        <line num="15" type="method" name="__construct" visibility="public" complexity="1" crap="2" count="0"/>
        <line num="17" type="stmt" count="0"/>
        <line num="20" type="method" name="countAll" visibility="public" complexity="1" crap="2" count="0"/>
        <line num="22" type="stmt" count="0"/>
        <line num="23" type="stmt" count="0"/>
        <line num="24" type="stmt" count="0"/>
        <line num="25" type="stmt" count="0"/>
        <line num="28" type="method" name="findPaginate" visibility="public" complexity="1" crap="2" count="0"/>
        <line num="30" type="stmt" count="0"/>
        <line num="31" type="stmt" count="0"/>
        <line num="32" type="stmt" count="0"/>
        <line num="33" type="stmt" count="0"/>
        <line num="36" type="stmt" count="0"/>
        <line num="37" type="stmt" count="0"/>
        <line num="38" type="stmt" count="0"/>
        <line num="39" type="stmt" count="0"/>
        <line num="40" type="stmt" count="0"/>
        <line num="41" type="stmt" count="0"/>
        <line num="42" type="stmt" count="0"/>
        <line num="43" type="stmt" count="0"/>
        <metrics loc="74" ncloc="47" classes="1" methods="3" coveredmethods="0" conditionals="0" coveredconditionals="0" statements="17" coveredstatements="0" elements="20" coveredelements="0"/>
      </file>
      <file name="C:\Users\99MFOVA-PP008-W\Desktop\API-REST\src\Repository\UserRepository.php">
        <class name="App\Repository\UserRepository" namespace="App\Repository">
          <metrics complexity="3" methods="2" coveredmethods="0" conditionals="0" coveredconditionals="0" statements="6" coveredstatements="0" elements="8" coveredelements="0"/>
        </class>
        <line num="17" type="method" name="__construct" visibility="public" complexity="1" crap="2" count="0"/>
        <line num="19" type="stmt" count="0"/>
        <line num="25" type="method" name="upgradePassword" visibility="public" complexity="2" crap="6" count="0"/>
        <line num="27" type="stmt" count="0"/>
        <line num="28" type="stmt" count="0"/>
        <line num="31" type="stmt" count="0"/>
        <line num="32" type="stmt" count="0"/>
        <line num="33" type="stmt" count="0"/>
        <metrics loc="61" ncloc="32" classes="1" methods="2" coveredmethods="0" conditionals="0" coveredconditionals="0" statements="6" coveredstatements="0" elements="8" coveredelements="0"/>
      </file>
    </package>
    <metrics files="19" loc="1427" ncloc="1289" classes="16" methods="93" coveredmethods="17" conditionals="0" coveredconditionals="0" statements="292" coveredstatements="28" elements="385" coveredelements="45"/>
  </project>
</coverage>
